2022-06-07 22:39:44,927 INFO DougTheDruid's ESP Framework Starting
2022-06-07 22:39:44,928 INFO Hack Version: 1.2.0
2022-06-07 22:39:49,682 INFO gObject offset: 0x1719b24
2022-06-07 22:39:49,683 INFO uWorld offset: 0x76e1ab
2022-06-07 22:39:49,683 INFO gName offset: 0x1622a8a
2022-06-07 22:39:49,683 INFO Process ID: 173128
2022-06-07 22:39:49,683 INFO SoT gName Address: 0x7ff7dc1ba2c0
2022-06-07 22:39:49,683 INFO SoT gObject Address: 0x7ff7dc1be810
2022-06-07 22:39:54,020 INFO gObject offset: 0x1719b24
2022-06-07 22:39:54,020 INFO uWorld offset: 0x76e1ab
2022-06-07 22:39:54,020 INFO gName offset: 0x1622a8a
2022-06-07 22:39:54,020 INFO Process ID: 173128
2022-06-07 22:39:54,020 INFO SoT gName Address: 0x7ff7dc1ba2c0
2022-06-07 22:39:54,020 INFO SoT gObject Address: 0x7ff7dc1be810
2022-06-07 22:39:59,127 INFO gObject offset: 0x1719b24
2022-06-07 22:39:59,128 INFO uWorld offset: 0x76e1ab
2022-06-07 22:39:59,128 INFO gName offset: 0x1622a8a
2022-06-07 22:39:59,128 INFO Process ID: 173128
2022-06-07 22:39:59,128 INFO SoT gName Address: 0x7ff7dc1ba2c0
2022-06-07 22:39:59,128 INFO SoT gObject Address: 0x7ff7dc1be810
2022-06-07 22:40:04,181 INFO gObject offset: 0x1719b24
2022-06-07 22:40:04,181 INFO uWorld offset: 0x76e1ab
2022-06-07 22:40:04,182 INFO gName offset: 0x1622a8a
2022-06-07 22:40:04,182 INFO Process ID: 173128
2022-06-07 22:40:04,182 INFO SoT gName Address: 0x7ff7dc1ba2c0
2022-06-07 22:40:04,182 INFO SoT gObject Address: 0x7ff7dc1be810
2022-06-07 22:40:08,945 INFO gObject offset: 0x1719b24
2022-06-07 22:40:08,945 INFO uWorld offset: 0x76e1ab
2022-06-07 22:40:08,946 INFO gName offset: 0x1622a8a
2022-06-07 22:40:08,946 INFO Process ID: 173128
2022-06-07 22:40:08,946 INFO SoT gName Address: 0x7ff7dc1ba2c0
2022-06-07 22:40:08,946 INFO SoT gObject Address: 0x7ff7dc1be810
2022-06-07 22:40:13,674 INFO gObject offset: 0x1719b24
2022-06-07 22:40:13,674 INFO uWorld offset: 0x76e1ab
2022-06-07 22:40:13,675 INFO gName offset: 0x1622a8a
2022-06-07 22:40:13,675 INFO Process ID: 173128
2022-06-07 22:40:13,675 INFO SoT gName Address: 0x7ff7dc1ba2c0
2022-06-07 22:40:13,675 INFO SoT gObject Address: 0x7ff7dc1be810
2022-06-07 22:40:19,104 INFO gObject offset: 0x1719b24
2022-06-07 22:40:19,104 INFO uWorld offset: 0x76e1ab
2022-06-07 22:40:19,104 INFO gName offset: 0x1622a8a
2022-06-07 22:40:19,104 INFO Process ID: 173128
2022-06-07 22:40:19,104 INFO SoT gName Address: 0x7ff7dc1ba2c0
2022-06-07 22:40:19,104 INFO SoT gObject Address: 0x7ff7dc1be810
2022-06-07 22:40:23,934 INFO gObject offset: 0x1719b24
2022-06-07 22:40:23,934 INFO uWorld offset: 0x76e1ab
2022-06-07 22:40:23,934 INFO gName offset: 0x1622a8a
2022-06-07 22:40:23,934 INFO Process ID: 173128
2022-06-07 22:40:23,934 INFO SoT gName Address: 0x7ff7dc1ba2c0
2022-06-07 22:40:23,934 INFO SoT gObject Address: 0x7ff7dc1be810
2022-06-07 22:40:28,737 INFO gObject offset: 0x1719b24
2022-06-07 22:40:28,737 INFO uWorld offset: 0x76e1ab
2022-06-07 22:40:28,737 INFO gName offset: 0x1622a8a
2022-06-07 22:40:28,737 INFO Process ID: 173128
2022-06-07 22:40:28,737 INFO SoT gName Address: 0x7ff7dc1ba2c0
2022-06-07 22:40:28,737 INFO SoT gObject Address: 0x7ff7dc1be810
2022-06-07 22:40:33,985 INFO gObject offset: 0x1719b24
2022-06-07 22:40:33,985 INFO uWorld offset: 0x76e1ab
2022-06-07 22:40:33,985 INFO gName offset: 0x1622a8a
2022-06-07 22:40:33,986 INFO Process ID: 173128
2022-06-07 22:40:33,986 INFO SoT gName Address: 0x7ff7dc1ba2c0
2022-06-07 22:40:33,986 INFO SoT gObject Address: 0x7ff7dc1be810
2022-06-07 22:40:39,415 INFO gObject offset: 0x1719b24
2022-06-07 22:40:39,415 INFO uWorld offset: 0x76e1ab
2022-06-07 22:40:39,416 INFO gName offset: 0x1622a8a
2022-06-07 22:40:39,416 INFO Process ID: 173128
2022-06-07 22:40:39,416 INFO SoT gName Address: 0x7ff7dc1ba2c0
2022-06-07 22:40:39,416 INFO SoT gObject Address: 0x7ff7dc1be810
2022-06-07 22:40:45,005 INFO gObject offset: 0x1719b24
2022-06-07 22:40:45,006 INFO uWorld offset: 0x76e1ab
2022-06-07 22:40:45,006 INFO gName offset: 0x1622a8a
2022-06-07 22:40:45,006 INFO Process ID: 173128
2022-06-07 22:40:45,006 INFO SoT gName Address: 0x7ff7dc1ba2c0
2022-06-07 22:40:45,006 INFO SoT gObject Address: 0x7ff7dc1be810
2022-06-07 22:40:50,150 INFO gObject offset: 0x1719b24
2022-06-07 22:40:50,151 INFO uWorld offset: 0x76e1ab
2022-06-07 22:40:50,151 INFO gName offset: 0x1622a8a
2022-06-07 22:40:50,151 INFO Process ID: 173128
2022-06-07 22:40:50,151 INFO SoT gName Address: 0x7ff7dc1ba2c0
2022-06-07 22:40:50,151 INFO SoT gObject Address: 0x7ff7dc1be810
